<?xml version="1.0" encoding="UTF-8"?>
<!-- Generated by org.testng.reporters.JUnitReportReporter -->
<testsuite hostname="DESKTOP-CIS6SJ5" failures="0" tests="1" name="journeyTest.MobileTestAutomation.GetEmailFromPost" time="30.603" errors="0" timestamp="17 Dec 2023 11:31:49 GMT" skipped="0">
  <testcase classname="journeyTest.MobileTestAutomation.GetEmailFromPost" name="getEmailFromPost" time="30.603"/>
</testsuite> <!-- journeyTest.MobileTestAutomation.GetEmailFromPost -->
